<?xml version="1.0" encoding="UTF-8"?>
<testng-results ignored="0" total="1" passed="1" failed="0" skipped="0">
  <reporter-output>
  </reporter-output>
  <suite started-at="2024-08-31T12:17:47 IST" name="Default suite" finished-at="2024-08-31T12:18:14 IST" duration-ms="26944">
    <groups>
    </groups>
    <test started-at="2024-08-31T12:17:47 IST" name="Default test" finished-at="2024-08-31T12:18:14 IST" duration-ms="26944">
      <class name="seleniumproject.Test.submitorderTest">
        <test-method signature="submitOrder()[pri:0, instance:seleniumproject.Test.submitorderTest@3e8c3cb]" started-at="2024-08-31T12:17:47 IST" name="submitOrder" finished-at="2024-08-31T12:18:14 IST" duration-ms="26892" status="PASS">
          <reporter-output>
          </reporter-output>
        </test-method> <!-- submitOrder -->
      </class> <!-- seleniumproject.Test.submitorderTest -->
    </test> <!-- Default test -->
  </suite> <!-- Default suite -->
</testng-results>
